<?xml version="1.0" encoding="utf-8"?><testsuites name="pytest tests"><testsuite name="pytest" errors="0" failures="0" skipped="0" tests="15" time="3.024" timestamp="2026-03-15T17:19:23.184665+00:00" hostname="agent-env-30cf3337-272d-4c29-aea1-48435524adb3"><testcase classname="backend.tests.test_fomofam.TestHealth" name="test_health" time="0.280" /><testcase classname="backend.tests.test_fomofam.TestEvents" name="test_get_events_returns_5" time="0.142" /><testcase classname="backend.tests.test_fomofam.TestEvents" name="test_events_have_required_fields" time="0.113" /><testcase classname="backend.tests.test_fomofam.TestEvents" name="test_get_event_by_id" time="0.157" /><testcase classname="backend.tests.test_fomofam.TestEvents" name="test_get_event_not_found" time="0.141" /><testcase classname="backend.tests.test_fomofam.TestEvents" name="test_filter_events_by_category" time="0.129" /><testcase classname="backend.tests.test_fomofam.TestCommunities" name="test_get_communities_returns_6" time="0.153" /><testcase classname="backend.tests.test_fomofam.TestCommunities" name="test_communities_no_id" time="0.109" /><testcase classname="backend.tests.test_fomofam.TestWaitlist" name="test_join_waitlist" time="0.108" /><testcase classname="backend.tests.test_fomofam.TestWaitlist" name="test_duplicate_waitlist" time="0.230" /><testcase classname="backend.tests.test_fomofam.TestAuth" name="test_register" time="0.125" /><testcase classname="backend.tests.test_fomofam.TestAuth" name="test_login" time="0.546" /><testcase classname="backend.tests.test_fomofam.TestAuth" name="test_login_invalid_credentials" time="0.125" /><testcase classname="backend.tests.test_fomofam.TestAuth" name="test_auth_me_with_token" time="0.493" /><testcase classname="backend.tests.test_fomofam.TestAuth" name="test_auth_me_unauthenticated" time="0.115" /></testsuite></testsuites>