<?xml version="1.0" encoding="utf-8"?><testsuites name="pytest tests"><testsuite name="pytest" errors="0" failures="0" skipped="0" tests="19" time="3.170" timestamp="2026-03-28T15:51:22.051309+00:00" hostname="agent-env-0eedb616-8717-4336-97aa-3013cd34f986"><testcase classname="backend.tests.test_fomofam.TestHealth" name="test_health" time="0.259" /><testcase classname="backend.tests.test_fomofam.TestEvents" name="test_get_events_returns_5" time="0.114" /><testcase classname="backend.tests.test_fomofam.TestEvents" name="test_events_have_required_fields" time="0.114" /><testcase classname="backend.tests.test_fomofam.TestEvents" name="test_get_event_by_id" time="0.132" /><testcase classname="backend.tests.test_fomofam.TestEvents" name="test_get_event_not_found" time="0.101" /><testcase classname="backend.tests.test_fomofam.TestEvents" name="test_filter_events_by_category" time="0.100" /><testcase classname="backend.tests.test_fomofam.TestCommunities" name="test_get_communities_returns_6" time="0.122" /><testcase classname="backend.tests.test_fomofam.TestCommunities" name="test_communities_no_id" time="0.172" /><testcase classname="backend.tests.test_fomofam.TestWaitlist" name="test_join_waitlist" time="0.124" /><testcase classname="backend.tests.test_fomofam.TestWaitlist" name="test_duplicate_waitlist" time="0.220" /><testcase classname="backend.tests.test_fomofam.TestAuth" name="test_register" time="0.114" /><testcase classname="backend.tests.test_fomofam.TestAuth" name="test_login" time="0.456" /><testcase classname="backend.tests.test_fomofam.TestAuth" name="test_login_invalid_credentials" time="0.108" /><testcase classname="backend.tests.test_fomofam.TestAuth" name="test_auth_me_with_token" time="0.457" /><testcase classname="backend.tests.test_fomofam.TestAuth" name="test_auth_me_unauthenticated" time="0.099" /><testcase classname="backend.tests.test_fomofam.TestScoutAPI" name="test_get_scout_events" time="0.104" /><testcase classname="backend.tests.test_fomofam.TestScoutAPI" name="test_get_scout_opportunities" time="0.113" /><testcase classname="backend.tests.test_fomofam.TestScoutAPI" name="test_get_scout_events_status" time="0.108" /><testcase classname="backend.tests.test_fomofam.TestScoutAPI" name="test_get_scout_opportunities_status" time="0.100" /></testsuite></testsuites>